<?xml version="1.0" encoding="UTF-8"?>
<!-- Generated by org.testng.reporters.JUnitReportReporter -->
<testsuite hostname="Mohammads-MacBook-Air.local" failures="0" tests="1" name="testCases.TestLogginInAsAdmin" time="1.632" errors="0" timestamp="2024-08-12T17:00:42 IST" skipped="0">
  <testcase classname="testCases.TestLogginInAsAdmin" name="verifyLoginAccuracy" time="1.632"/>
</testsuite> <!-- testCases.TestLogginInAsAdmin -->
