<?xml version="1.0" encoding="UTF-8"?>
<!-- Generated by org.testng.reporters.JUnitReportReporter -->
<testsuite hostname="Mohammads-MacBook-Air.local" failures="0" tests="1" name="testCases.TestLogginInAsAdmin" time="4.059" errors="0" timestamp="2024-07-31T23:56:32 IST" skipped="0">
  <testcase classname="testCases.TestLogginInAsAdmin" name="verifyLoginAccuracy" time="4.059"/>
</testsuite> <!-- testCases.TestLogginInAsAdmin -->
