<?xml version="1.0" encoding="UTF-8"?>
<!-- Generated by org.testng.reporters.JUnitReportReporter -->
<testsuite hostname="Mohammads-MacBook-Air.local" failures="0" tests="2" name="testCases.TestLoggingInWithRandomCreds" time="1.194" errors="0" timestamp="2024-08-12T23:01:57 IST" skipped="0">
  <testcase classname="testCases.TestLoggingInWithRandomCreds" name="verifyLogin" time="0.704"/>
  <testcase classname="testCases.TestLoggingInWithRandomCreds" name="loginAsRandomUser" time="0.490"/>
</testsuite> <!-- testCases.TestLoggingInWithRandomCreds -->
