<?xml version="1.0" encoding="UTF-8"?>
<!-- Generated by org.testng.reporters.JUnitReportReporter -->
<testsuite hostname="Mohammads-MacBook-Air.local" failures="0" tests="2" name="testCases.TestLoggingInWithRandomCreds" time="1.569" errors="0" timestamp="2024-08-12T17:00:42 IST" skipped="0">
  <testcase classname="testCases.TestLoggingInWithRandomCreds" name="verifyLogin" time="0.007"/>
  <testcase classname="testCases.TestLoggingInWithRandomCreds" name="loginAsRandomUser" time="1.562"/>
</testsuite> <!-- testCases.TestLoggingInWithRandomCreds -->
